TN:
SF:src/buildTree.js
FN:3,default
FNF:1
FNH:1
FNDA:1,default
DA:1,1
DA:2,1
DA:3,1
DA:4,1
DA:5,1
DA:6,1
DA:7,5
DA:8,1
DA:9,1
DA:10,5
DA:11,2
DA:12,2
DA:13,5
DA:14,1
DA:15,1
DA:16,1
DA:17,1
DA:18,1
DA:19,1
DA:20,1
DA:21,1
DA:22,1
DA:23,1
DA:24,0
DA:25,1
DA:26,1
DA:27,5
DA:28,5
DA:29,5
DA:30,5
DA:31,5
DA:32,1
DA:33,5
DA:34,2
DA:35,5
DA:36,1
DA:37,5
DA:38,1
DA:39,5
DA:40,0
DA:41,5
DA:42,1
DA:43,1
DA:44,1
LF:44
LH:42
BRDA:3,0,0,1
BRDA:6,1,0,5
BRDA:7,2,0,1
BRDA:9,3,0,4
BRDA:10,4,0,2
BRDA:13,5,0,1
BRDA:23,6,0,0
BRDA:26,7,0,5
BRDA:31,8,0,1
BRDA:33,9,0,2
BRDA:35,10,0,1
BRDA:37,11,0,1
BRDA:39,12,0,0
BRF:13
BRH:11
end_of_record
TN:
SF:src/fileParse.js
FN:6,default
FNF:1
FNH:1
FNDA:2,default
DA:1,1
DA:2,1
DA:3,1
DA:4,1
DA:5,1
DA:6,1
DA:7,2
DA:8,2
DA:9,2
DA:10,2
DA:11,2
DA:12,2
DA:13,2
DA:14,2
DA:15,2
DA:16,2
LF:16
LH:16
BRDA:6,0,0,2
BRF:1
BRH:1
end_of_record
TN:
SF:src/filesCompare.js
FN:4,default
FNF:1
FNH:1
FNDA:1,default
DA:1,1
DA:2,1
DA:3,1
DA:4,1
DA:5,1
DA:6,1
DA:7,1
DA:8,1
LF:8
LH:8
BRDA:4,0,0,1
BRF:1
BRH:1
end_of_record
